Sep 20 20:45:53 Installed: mailx-12.5-19.el7.x86_64
Sep 20 20:45:53 Installed: libreport-filesystem-2.1.11-43.el7.centos.x86_64
Sep 20 20:45:53 Installed: mdadm-4.1-1.el7.x86_64
Sep 20 20:45:54 Installed: 1:smartmontools-7.0-1.el7.x86_64
Sep 20 20:45:54 Installed: hdparm-9.43-5.el7.x86_64
Sep 20 20:45:54 Installed: gdisk-0.8.10-3.el7.x86_64
Sep 20 23:10:02 Installed: nano-2.3.1-10.el7.x86_64
Oct 02 13:25:21 Updated: 2:ethtool-4.8-10.el7.x86_64
Oct 02 13:28:07 Installed: net-tools-2.0-0.25.20131004git.el7.x86_64
Oct 02 16:11:18 Installed: wget-1.14-18.el7_6.1.x86_64
Oct 02 16:21:46 Updated: libgcc-4.8.5-39.el7.x86_64
Oct 02 16:21:53 Updated: glibc-common-2.17-292.el7.x86_64
Oct 02 16:21:56 Updated: glibc-2.17-292.el7.x86_64
Oct 02 16:21:57 Updated: libstdc++-4.8.5-39.el7.x86_64
Oct 02 16:21:57 Updated: elfutils-libelf-0.176-2.el7.x86_64
Oct 02 16:21:57 Updated: rpm-libs-4.11.3-40.el7.x86_64
Oct 02 16:21:58 Updated: rpm-4.11.3-40.el7.x86_64
Oct 02 16:21:58 Installed: mpfr-3.1.1-4.el7.x86_64
Oct 02 16:21:58 Installed: libmpc-1.0.1-3.el7.x86_64
Oct 02 16:21:58 Updated: rpm-build-libs-4.11.3-40.el7.x86_64
Oct 02 16:21:58 Updated: elfutils-libs-0.176-2.el7.x86_64
Oct 02 16:21:58 Installed: apr-1.4.8-5.el7.x86_64
Oct 02 16:21:58 Installed: m4-1.4.16-10.el7.x86_64
Oct 02 16:21:58 Installed: libquadmath-4.8.5-39.el7.x86_64
Oct 02 16:21:58 Installed: apr-util-1.5.2-6.el7.x86_64
Oct 02 16:21:58 Installed: boost-system-1.53.0-27.el7.x86_64
Oct 02 16:21:58 Installed: patch-2.7.1-11.el7.x86_64
Oct 02 16:21:58 Installed: unzip-6.0-20.el7.x86_64
Oct 02 16:21:58 Installed: zip-3.0-11.el7.x86_64
Oct 02 16:21:58 Installed: boost-thread-1.53.0-27.el7.x86_64
Oct 02 16:21:58 Installed: libgfortran-4.8.5-39.el7.x86_64
Oct 02 16:21:58 Installed: elfutils-0.176-2.el7.x86_64
Oct 02 16:21:59 Installed: cpp-4.8.5-39.el7.x86_64
Oct 02 16:21:59 Installed: libdwarf-20130207-4.el7.x86_64
Oct 02 16:21:59 Installed: dwz-0.11-3.el7.x86_64
Oct 02 16:21:59 Installed: boost-date-time-1.53.0-27.el7.x86_64
Oct 02 16:22:00 Installed: dyninst-9.3.1-3.el7.x86_64
Oct 02 16:22:00 Installed: systemtap-runtime-4.0-9.el7.x86_64
Oct 02 16:22:00 Installed: libmodman-2.0.1-8.el7.x86_64
Oct 02 16:22:00 Installed: libproxy-0.4.11-11.el7.x86_64
Oct 02 16:22:01 Installed: libstdc++-devel-4.8.5-39.el7.x86_64
Oct 02 16:22:01 Installed: 1:perl-parent-0.225-244.el7.noarch
Oct 02 16:22:01 Installed: perl-HTTP-Tiny-0.033-3.el7.noarch
Oct 02 16:22:01 Installed: perl-podlators-2.5.1-3.el7.noarch
Oct 02 16:22:01 Installed: perl-Pod-Perldoc-3.20-4.el7.noarch
Oct 02 16:22:01 Installed: 1:perl-Pod-Escapes-1.04-294.el7_6.noarch
Oct 02 16:22:01 Installed: perl-Text-ParseWords-3.29-4.el7.noarch
Oct 02 16:22:02 Installed: perl-Encode-2.51-7.el7.x86_64
Oct 02 16:22:02 Installed: perl-Pod-Usage-1.63-3.el7.noarch
Oct 02 16:22:02 Installed: 4:perl-libs-5.16.3-294.el7_6.x86_64
Oct 02 16:22:02 Installed: perl-Socket-2.010-4.el7.x86_64
Oct 02 16:22:02 Installed: perl-Storable-2.45-3.el7.x86_64
Oct 02 16:22:02 Installed: 4:perl-Time-HiRes-1.9725-3.el7.x86_64
Oct 02 16:22:02 Installed: perl-threads-1.87-4.el7.x86_64
Oct 02 16:22:02 Installed: perl-Carp-1.26-244.el7.noarch
Oct 02 16:22:02 Installed: perl-Filter-1.49-3.el7.x86_64
Oct 02 16:22:02 Installed: perl-Exporter-5.68-3.el7.noarch
Oct 02 16:22:02 Installed: perl-constant-1.27-2.el7.noarch
Oct 02 16:22:02 Installed: perl-Time-Local-1.2300-2.el7.noarch
Oct 02 16:22:02 Installed: 4:perl-macros-5.16.3-294.el7_6.x86_64
Oct 02 16:22:02 Installed: perl-threads-shared-1.43-6.el7.x86_64
Oct 02 16:22:02 Installed: perl-File-Temp-0.23.01-3.el7.noarch
Oct 02 16:22:02 Installed: perl-File-Path-2.09-2.el7.noarch
Oct 02 16:22:02 Installed: perl-PathTools-3.40-5.el7.x86_64
Oct 02 16:22:02 Installed: perl-Scalar-List-Utils-1.27-248.el7.x86_64
Oct 02 16:22:02 Installed: 1:perl-Pod-Simple-3.28-4.el7.noarch
Oct 02 16:22:02 Installed: perl-Getopt-Long-2.40-3.el7.noarch
Oct 02 16:22:05 Installed: 4:perl-5.16.3-294.el7_6.x86_64
Oct 02 16:22:05 Installed: perl-Thread-Queue-3.02-2.el7.noarch
Oct 02 16:22:05 Installed: 1:perl-Error-0.17020-2.el7.noarch
Oct 02 16:22:05 Installed: perl-TermReadKey-2.30-20.el7.x86_64
Oct 02 16:22:05 Installed: perl-Git-1.8.3.1-20.el7.noarch
Oct 02 16:22:07 Installed: git-1.8.3.1-20.el7.x86_64
Oct 02 16:22:07 Installed: perl-Data-Dumper-2.145-3.el7.x86_64
Oct 02 16:22:07 Installed: autoconf-2.69-11.el7.noarch
Oct 02 16:22:36 Installed: kernel-debug-devel-3.10.0-1062.1.1.el7.x86_64
Oct 02 16:22:36 Installed: perl-Test-Harness-3.28-3.el7.noarch
Oct 02 16:22:36 Installed: automake-1.13.4-3.el7.noarch
Oct 02 16:22:36 Installed: perl-XML-Parser-2.41-10.el7.x86_64
Oct 02 16:22:37 Installed: trousers-0.3.14-2.el7.x86_64
Oct 02 16:22:37 Installed: efivar-libs-36-12.el7.x86_64
Oct 02 16:22:37 Installed: mokutil-15-2.el7.centos.x86_64
Oct 02 16:22:37 Installed: nettle-2.7.1-8.el7.x86_64
Oct 02 16:22:37 Installed: gnutls-3.3.29-9.el7_6.x86_64
Oct 02 16:22:37 Updated: libgomp-4.8.5-39.el7.x86_64
Oct 02 16:22:37 Installed: pakchois-0.4-10.el7.x86_64
Oct 02 16:22:37 Installed: neon-0.30.0-4.el7.x86_64
Oct 02 16:22:38 Installed: subversion-libs-1.7.14-14.el7.x86_64
Oct 02 16:22:38 Installed: gdb-7.6.1-115.el7.x86_64
Oct 02 16:22:38 Installed: 1:emacs-filesystem-24.3-22.el7.noarch
Oct 02 16:22:39 Installed: kernel-headers-3.10.0-1062.1.1.el7.x86_64
Oct 02 16:22:40 Installed: glibc-headers-2.17-292.el7.x86_64
Oct 02 16:22:40 Installed: glibc-devel-2.17-292.el7.x86_64
Oct 02 16:22:42 Installed: gcc-4.8.5-39.el7.x86_64
Oct 02 16:22:43 Installed: systemtap-devel-4.0-9.el7.x86_64
Oct 02 16:22:45 Installed: systemtap-client-4.0-9.el7.x86_64
Oct 02 16:22:45 Installed: libquadmath-devel-4.8.5-39.el7.x86_64
Oct 02 16:22:45 Installed: perl-srpm-macros-1-8.el7.noarch
Oct 02 16:22:45 Installed: python-srpm-macros-3-32.el7.noarch
Oct 02 16:22:45 Installed: redhat-rpm-config-9.1.0-88.el7.centos.noarch
Oct 02 16:22:45 Installed: gettext-common-devel-0.19.8.1-2.el7.noarch
Oct 02 16:22:45 Installed: gettext-devel-0.19.8.1-2.el7.x86_64
Oct 02 16:22:45 Installed: intltool-0.50.2-7.el7.noarch
Oct 02 16:22:45 Installed: rpm-build-4.11.3-40.el7.x86_64
Oct 02 16:22:46 Installed: gcc-gfortran-4.8.5-39.el7.x86_64
Oct 02 16:22:46 Installed: systemtap-4.0-9.el7.x86_64
Oct 02 16:22:47 Installed: gcc-c++-4.8.5-39.el7.x86_64
Oct 02 16:22:47 Installed: libtool-2.4.2-22.el7_3.x86_64
Oct 02 16:22:47 Installed: cscope-15.8-10.el7.x86_64
Oct 02 16:22:48 Installed: subversion-1.7.14-14.el7.x86_64
Oct 02 16:22:48 Installed: patchutils-0.3.3-4.el7.x86_64
Oct 02 16:22:48 Installed: flex-2.5.37-6.el7.x86_64
Oct 02 16:22:48 Installed: bison-3.0.4-2.el7.x86_64
Oct 02 16:22:48 Installed: rpm-sign-4.11.3-40.el7.x86_64
Oct 02 16:22:48 Updated: rpm-python-4.11.3-40.el7.x86_64
Oct 02 16:22:50 Installed: 1:doxygen-1.8.5-3.el7.x86_64
Oct 02 16:22:51 Installed: swig-2.0.10-5.el7.x86_64
Oct 02 16:22:51 Installed: diffstat-1.57-4.el7.x86_64
Oct 02 16:22:51 Installed: rcs-5.9.0-5.el7.x86_64
Oct 02 16:22:51 Installed: byacc-1.9.20130304-3.el7.x86_64
Oct 02 16:22:51 Installed: ctags-5.8-13.el7.x86_64
Oct 02 16:22:51 Installed: indent-2.2.11-13.el7.x86_64
